\BOOKMARK [1][-]{section*.1}{\376\377\000R\000i\000n\000g\000k\000a\000s\000a\000n}{}% 1
\BOOKMARK [1][-]{section.1}{\376\377\000P\000e\000n\000d\000a\000h\000u\000l\000u\000a\000n}{}% 2
\BOOKMARK [2][-]{subsection.1.1}{\376\377\000L\000a\000t\000a\000r\000\040\000B\000e\000l\000a\000k\000a\000n\000g}{section.1}% 3
\BOOKMARK [2][-]{subsection.1.2}{\376\377\000R\000u\000m\000u\000s\000a\000n\000\040\000M\000a\000s\000a\000l\000a\000h}{section.1}% 4
\BOOKMARK [2][-]{subsection.1.3}{\376\377\000T\000u\000j\000u\000a\000n\000\040\000K\000h\000u\000s\000u\000s}{section.1}% 5
\BOOKMARK [2][-]{subsection.1.4}{\376\377\000K\000e\000b\000a\000r\000u\000a\000n\000\040\000\050\000N\000o\000v\000e\000l\000t\000y\000\051}{section.1}% 6
\BOOKMARK [1][-]{section.2}{\376\377\000P\000e\000n\000e\000l\000i\000t\000i\000a\000n\000\040\000T\000e\000r\000d\000a\000h\000u\000l\000u}{}% 7
\BOOKMARK [2][-]{subsection.2.1}{\376\377\000F\000o\000n\000d\000a\000s\000i\000\040\000R\000i\000s\000e\000t\000\040\000G\000r\000u\000p\000\040\040\024\000\040\000L\000I\000B\000S\000\040\000p\000a\000d\000a\000\040\000M\000a\000t\000e\000r\000i\000a\000l\000\040\000G\000e\000o\000l\000o\000g\000i\000\040\000A\000c\000e\000h\000\040\000\046\000\040\000I\000n\000d\000o\000n\000e\000s\000i\000a}{section.2}% 8
\BOOKMARK [2][-]{subsection.2.2}{\376\377\000L\000a\000n\000s\000k\000a\000p\000\040\000R\000i\000s\000e\000t\000\040\000L\000I\000B\000S\000\040\000+\000\040\000A\000r\000t\000i\000f\000i\000c\000i\000a\000l\000\040\000I\000n\000t\000e\000l\000l\000i\000g\000e\000n\000c\000e}{section.2}% 9
\BOOKMARK [2][-]{subsection.2.3}{\376\377\000K\000e\000s\000i\000m\000p\000u\000l\000a\000n\000\040\000R\000e\000s\000e\000a\000r\000c\000h\000\040\000G\000a\000p}{section.2}% 10
\BOOKMARK [1][-]{section.3}{\376\377\000P\000e\000t\000a\000\040\000J\000a\000l\000a\000n\000\040\000\050\000R\000o\000a\000d\000m\000a\000p\000\051\000\040\000P\000e\000n\000e\000l\000i\000t\000i\000a\000n}{}% 11
\BOOKMARK [1][-]{section.4}{\376\377\000M\000E\000T\000O\000D\000E\000\040\000P\000E\000N\000E\000L\000I\000T\000I\000A\000N}{}% 12
\BOOKMARK [2][-]{subsection.4.1}{\376\377\000T\000e\000m\000p\000a\000t\000\040\000d\000a\000n\000\040\000W\000a\000k\000t\000u\000\040\000P\000e\000n\000e\000l\000i\000t\000i\000a\000n}{section.4}% 13
\BOOKMARK [2][-]{subsection.4.2}{\376\377\000A\000l\000a\000t\000\040\000d\000a\000n\000\040\000B\000a\000h\000a\000n\000\040\000P\000e\000n\000e\000l\000i\000t\000i\000a\000n}{section.4}% 14
\BOOKMARK [3][-]{subsubsection.4.2.1}{\376\377\000I\000n\000s\000t\000r\000u\000m\000e\000n\000\040\000E\000k\000s\000p\000e\000r\000i\000m\000e\000n\000t\000a\000l\000\040\000d\000a\000n\000\040\000P\000r\000e\000p\000a\000r\000a\000s\000i\000\040\000S\000a\000m\000p\000e\000l}{subsection.4.2}% 15
\BOOKMARK [3][-]{subsubsection.4.2.2}{\376\377\000P\000e\000r\000a\000n\000g\000k\000a\000t\000\040\000K\000e\000r\000a\000s\000\040\000K\000o\000m\000p\000u\000t\000a\000s\000i}{subsection.4.2}% 16
\BOOKMARK [3][-]{subsubsection.4.2.3}{\376\377\000P\000e\000r\000a\000n\000g\000k\000a\000t\000\040\000L\000u\000n\000a\000k}{subsection.4.2}% 17
\BOOKMARK [3][-]{subsubsection.4.2.4}{\376\377\000S\000u\000m\000b\000e\000r\000\040\000D\000a\000t\000a\000\040\000S\000p\000e\000k\000t\000r\000o\000s\000k\000o\000p\000i\000k}{subsection.4.2}% 18
\BOOKMARK [2][-]{subsection.4.3}{\376\377\000D\000i\000a\000g\000r\000a\000m\000\040\000A\000l\000i\000r\000\040\000P\000e\000n\000e\000l\000i\000t\000i\000a\000n}{section.4}% 19
\BOOKMARK [2][-]{subsection.4.4}{\376\377\000P\000r\000o\000s\000e\000d\000u\000r\000\040\000P\000e\000n\000e\000l\000i\000t\000i\000a\000n}{section.4}% 20
\BOOKMARK [3][-]{subsubsection.4.4.1}{\376\377\000T\000a\000h\000a\000p\000\040\0001\000:\000\040\000P\000e\000m\000b\000a\000n\000g\000k\000i\000t\000a\000n\000\040\000D\000a\000t\000a\000\040\000S\000i\000n\000t\000e\000t\000i\000s}{subsection.4.4}% 21
\BOOKMARK [3][-]{subsubsection.4.4.2}{\376\377\000T\000a\000h\000a\000p\000\040\0002\000:\000\040\000A\000k\000u\000i\000s\000i\000s\000i\000\040\000D\000a\000t\000a\000\040\000E\000k\000s\000p\000e\000r\000i\000m\000e\000n\000t\000a\000l}{subsection.4.4}% 22
\BOOKMARK [3][-]{subsubsection.4.4.3}{\376\377\000T\000a\000h\000a\000p\000\040\0003\000:\000\040\000P\000e\000m\000o\000d\000e\000l\000a\000n\000\040\000D\000e\000e\000p\000\040\000L\000e\000a\000r\000n\000i\000n\000g}{subsection.4.4}% 23
\BOOKMARK [3][-]{subsubsection.4.4.4}{\376\377\000T\000a\000h\000a\000p\000\040\0004\000:\000\040\000A\000n\000a\000l\000i\000s\000a\000\040\000S\000a\000m\000p\000e\000l\000\040\000d\000a\000n\000\040\000P\000e\000n\000g\000o\000l\000a\000h\000a\000n\000\040\000D\000a\000t\000a}{subsection.4.4}% 24
\BOOKMARK [2][-]{subsection.4.5}{\376\377\000H\000a\000s\000i\000l\000\040\000y\000a\000n\000g\000\040\000D\000i\000h\000a\000r\000a\000p\000k\000a\000n}{section.4}% 25
\BOOKMARK [2][-]{subsection.4.6}{\376\377\000I\000n\000d\000i\000k\000a\000t\000o\000r\000\040\000C\000a\000p\000a\000i\000a\000n\000\040\000y\000a\000n\000g\000\040\000D\000i\000t\000a\000r\000g\000e\000t\000k\000a\000n}{section.4}% 26
\BOOKMARK [2][-]{subsection.4.7}{\376\377\000P\000e\000m\000b\000a\000g\000i\000a\000n\000\040\000K\000e\000r\000j\000a\000\040\000T\000i\000m\000\040\000P\000e\000n\000e\000l\000i\000t\000i\000\040\000d\000a\000n\000\040\000K\000e\000t\000e\000r\000l\000i\000b\000a\000t\000a\000n\000\040\000M\000a\000h\000a\000s\000i\000s\000w\000a}{section.4}% 27
\BOOKMARK [1][-]{section.5}{\376\377\000J\000a\000d\000w\000a\000l\000\040\000P\000e\000n\000e\000l\000i\000t\000i\000a\000n}{}% 28
